Build started 2016-06-01 04:23:45.
     1>Project "C:\Users\Tomasz\Desktop\projekt3\projekt3\projekt3.vcxproj" on node 2 (Build target(s)).
     1>ClCompile:
         C:\Program Files (x86)\Microsoft Visual Studio 12.0\VC\bin\CL.exe /c /ZI /nologo /W3 /WX- /sdl /Od /Oy- /D WIN32 /D _DEBUG /D _CONSOLE /D _LIB /D _UNICODE /D UNICODE /Gm /EHsc /RTC1 /MDd /GS /fp:precise /Zc:wchar_t /Zc:forScope /Yc"stdafx.h" /Fp"Debug\projekt3.pch" /Fo"Debug\\" /Fd"Debug\vc120.pdb" /Gd /TP /analyze- /errorReport:prompt stdafx.cpp
         stdafx.cpp
         C:\Program Files (x86)\Microsoft Visual Studio 12.0\VC\bin\CL.exe /c /ZI /nologo /W3 /WX- /sdl /Od /Oy- /D WIN32 /D _DEBUG /D _CONSOLE /D _LIB /D _UNICODE /D UNICODE /Gm /EHsc /RTC1 /MDd /GS /fp:precise /Zc:wchar_t /Zc:forScope /Yu"stdafx.h" /Fp"Debug\projekt3.pch" /Fo"Debug\\" /Fd"Debug\vc120.pdb" /Gd /TP /analyze- /errorReport:prompt Element.cpp Krawedz.cpp Macierz.cpp Plecak.cpp Pomiar.cpp projekt3.cpp
         projekt3.cpp
     1>c:\users\tomasz\desktop\projekt3\projekt3\projekt3.cpp(14): warning C4244: 'argument' : conversion from 'time_t' to 'unsigned int', possible loss of data
     1>c:\users\tomasz\desktop\projekt3\projekt3\projekt3.cpp(166): warning C4018: '<' : signed/unsigned mismatch
     1>c:\users\tomasz\desktop\projekt3\projekt3\projekt3.cpp(203): warning C4018: '<' : signed/unsigned mismatch
         Pomiar.cpp
         Plecak.cpp
         Macierz.cpp
     1>c:\users\tomasz\desktop\projekt3\projekt3\macierz.cpp(9): warning C4018: '<' : signed/unsigned mismatch
     1>c:\users\tomasz\desktop\projekt3\projekt3\macierz.cpp(11): warning C4018: '<' : signed/unsigned mismatch
     1>c:\users\tomasz\desktop\projekt3\projekt3\macierz.cpp(22): warning C4018: '<' : signed/unsigned mismatch
     1>c:\users\tomasz\desktop\projekt3\projekt3\macierz.cpp(36): warning C4018: '<' : signed/unsigned mismatch
     1>c:\users\tomasz\desktop\projekt3\projekt3\macierz.cpp(37): warning C4018: '<' : signed/unsigned mismatch
     1>c:\users\tomasz\desktop\projekt3\projekt3\macierz.cpp(58): warning C4018: '<' : signed/unsigned mismatch
     1>c:\users\tomasz\desktop\projekt3\projekt3\macierz.cpp(65): warning C4018: '<' : signed/unsigned mismatch
         Krawedz.cpp
         Element.cpp
         Generating Code...
       Link:
         C:\Program Files (x86)\Microsoft Visual Studio 12.0\VC\bin\link.exe /ERRORREPORT:PROMPT /OUT:"C:\Users\Tomasz\Desktop\projekt3\Debug\projekt3.exe" /INCREMENTAL /NOLOGO kernel32.lib user32.lib gdi32.lib winspool.lib comdlg32.lib advapi32.lib shell32.lib ole32.lib oleaut32.lib uuid.lib odbc32.lib odbccp32.lib /MANIFEST /MANIFESTUAC:"level='asInvoker' uiAccess='false'" /manifest:embed /DEBUG /PDB:"C:\Users\Tomasz\Desktop\projekt3\Debug\projekt3.pdb" /SUBSYSTEM:CONSOLE /TLBID:1 /DYNAMICBASE /NXCOMPAT /IMPLIB:"C:\Users\Tomasz\Desktop\projekt3\Debug\projekt3.lib" /MACHINE:X86 Debug\Element.obj
         Debug\Krawedz.obj
         Debug\Macierz.obj
         Debug\Plecak.obj
         Debug\Pomiar.obj
         Debug\projekt3.obj
         Debug\stdafx.obj
         projekt3.vcxproj -> C:\Users\Tomasz\Desktop\projekt3\Debug\projekt3.exe
     1>Done Building Project "C:\Users\Tomasz\Desktop\projekt3\projekt3\projekt3.vcxproj" (Build target(s)).

Build succeeded.

Time Elapsed 00:00:24.84
